TN:
SF:/crypthome/brendan/src/kubernetes-client/javascript/node-client/src/attach.ts
FN:10,(anonymous_0)
FN:18,(anonymous_1)
FN:30,(anonymous_3)
FNF:3
FNH:3
FNDA:2,(anonymous_0)
FNDA:6,(anonymous_1)
FNDA:2,(anonymous_3)
DA:1,1
DA:5,1
DA:7,1
DA:11,2
DA:12,2
DA:14,0
DA:21,6
DA:28,6
DA:29,6
DA:30,6
DA:31,2
DA:32,2
DA:34,6
DA:35,2
LF:14
LH:13
BRDA:11,0,0,2
BRDA:11,0,1,0
BRDA:34,1,0,2
BRDA:34,1,1,4
BRF:4
BRH:3
end_of_record
TN:
SF:/crypthome/brendan/src/kubernetes-client/javascript/node-client/src/config.ts
FN:17,(anonymous_0)
FN:49,(anonymous_1)
FN:53,(anonymous_2)
FN:57,(anonymous_3)
FN:61,(anonymous_4)
FN:65,(anonymous_5)
FN:69,(anonymous_6)
FN:73,(anonymous_7)
FN:77,(anonymous_8)
FN:81,(anonymous_9)
FN:85,(anonymous_10)
FN:89,(anonymous_11)
FN:93,(anonymous_12)
FN:103,(anonymous_13)
FN:121,(anonymous_14)
FN:132,(anonymous_15)
FN:139,(anonymous_16)
FN:152,(anonymous_17)
FN:188,(anonymous_18)
FN:212,(anonymous_19)
FN:219,(anonymous_20)
FN:223,(anonymous_21)
FN:233,(anonymous_22)
FN:251,(anonymous_23)
FN:303,(anonymous_24)
FN:326,(anonymous_25)
FN:330,(anonymous_26)
FN:334,(anonymous_27)
FN:338,(anonymous_28)
FN:344,(anonymous_29)
FN:354,(anonymous_30)
FNF:31
FNH:21
FNDA:131,(anonymous_0)
FNDA:0,(anonymous_1)
FNDA:0,(anonymous_2)
FNDA:0,(anonymous_3)
FNDA:3,(anonymous_4)
FNDA:0,(anonymous_5)
FNDA:64,(anonymous_6)
FNDA:27,(anonymous_7)
FNDA:27,(anonymous_8)
FNDA:37,(anonymous_9)
FNDA:37,(anonymous_10)
FNDA:5,(anonymous_11)
FNDA:2,(anonymous_12)
FNDA:9,(anonymous_13)
FNDA:6,(anonymous_14)
FNDA:1,(anonymous_15)
FNDA:11,(anonymous_16)
FNDA:2,(anonymous_17)
FNDA:5,(anonymous_18)
FNDA:1,(anonymous_19)
FNDA:64,(anonymous_20)
FNDA:33,(anonymous_21)
FNDA:11,(anonymous_22)
FNDA:11,(anonymous_23)
FNDA:11,(anonymous_24)
FNDA:0,(anonymous_25)
FNDA:0,(anonymous_26)
FNDA:0,(anonymous_27)
FNDA:0,(anonymous_28)
FNDA:0,(anonymous_29)
FNDA:0,(anonymous_30)
DA:1,1
DA:3,1
DA:5,1
DA:6,1
DA:7,1
DA:9,1
DA:11,1
DA:12,1
DA:14,1
DA:18,131
DA:19,143
DA:20,130
DA:21,1
DA:23,129
DA:26,1
DA:50,0
DA:54,0
DA:58,0
DA:62,3
DA:66,0
DA:70,64
DA:74,27
DA:78,27
DA:82,37
DA:86,37
DA:90,5
DA:94,2
DA:96,2
DA:98,2
DA:99,1
DA:104,9
DA:105,9
DA:107,9
DA:109,7
DA:110,1
DA:113,7
DA:114,1
DA:122,6
DA:123,6
DA:124,1
DA:126,5
DA:127,5
DA:128,5
DA:129,5
DA:133,1
DA:134,1
DA:135,1
DA:136,1
DA:140,11
DA:141,11
DA:142,11
DA:143,11
DA:153,2
DA:154,2
DA:155,2
DA:156,2
DA:157,2
DA:159,2
DA:160,2
DA:161,1
DA:164,2
DA:172,2
DA:178,2
DA:185,2
DA:189,5
DA:190,1
DA:191,1
DA:193,4
DA:194,4
DA:195,4
DA:196,1
DA:197,1
DA:201,3
DA:202,2
DA:203,2
DA:206,1
DA:213,1
DA:214,1
DA:216,1
DA:220,64
DA:224,33
DA:225,0
DA:227,33
DA:228,3
DA:230,30
DA:234,11
DA:235,11
DA:237,11
DA:238,11
DA:239,1
DA:241,11
DA:242,11
DA:243,1
DA:245,11
DA:246,11
DA:247,1
DA:252,11
DA:253,11
DA:255,11
DA:256,6
DA:258,6
DA:259,6
DA:261,6
DA:262,5
DA:263,5
DA:264,3
DA:265,2
DA:266,2
DA:267,1
DA:270,2
DA:271,2
DA:272,1
DA:274,1
DA:275,1
DA:277,1
DA:279,1
DA:281,1
DA:282,1
DA:284,1
DA:291,9
DA:292,1
DA:295,9
DA:296,5
DA:297,4
DA:299,5
DA:304,11
DA:305,11
DA:318,1
DA:319,1
DA:321,1
DA:323,1
DA:327,0
DA:331,0
DA:335,0
DA:339,0
DA:340,0
DA:341,0
DA:345,0
DA:346,0
DA:348,0
DA:349,0
DA:351,0
DA:355,0
DA:356,0
DA:357,0
LF:145
LH:126
BRDA:19,0,0,130
BRDA:19,0,1,13
BRDA:20,1,0,1
BRDA:20,1,1,129
BRDA:98,2,0,1
BRDA:98,2,1,1
BRDA:109,3,0,1
BRDA:109,3,1,6
BRDA:113,4,0,1
BRDA:113,4,1,6
BRDA:123,5,0,1
BRDA:123,5,1,5
BRDA:152,6,0,2
BRDA:160,7,0,1
BRDA:160,7,1,1
BRDA:160,8,0,2
BRDA:160,8,1,1
BRDA:160,8,2,1
BRDA:189,9,0,1
BRDA:189,9,1,4
BRDA:189,10,0,5
BRDA:189,10,1,1
BRDA:193,11,0,4
BRDA:193,11,1,0
BRDA:195,12,0,1
BRDA:195,12,1,3
BRDA:201,13,0,2
BRDA:201,13,1,1
BRDA:224,14,0,0
BRDA:224,14,1,33
BRDA:227,15,0,3
BRDA:227,15,1,30
BRDA:238,16,0,1
BRDA:238,16,1,10
BRDA:242,17,0,1
BRDA:242,17,1,10
BRDA:246,18,0,1
BRDA:246,18,1,10
BRDA:255,19,0,6
BRDA:255,19,1,5
BRDA:255,20,0,11
BRDA:255,20,1,6
BRDA:261,21,0,5
BRDA:261,21,1,1
BRDA:263,22,0,3
BRDA:263,22,1,2
BRDA:264,23,0,2
BRDA:264,23,1,1
BRDA:266,24,0,1
BRDA:266,24,1,1
BRDA:271,25,0,1
BRDA:271,25,1,1
BRDA:291,26,0,1
BRDA:291,26,1,8
BRDA:295,27,0,5
BRDA:295,27,1,4
BRDA:296,28,0,4
BRDA:296,28,1,1
BRF:58
BRH:56
end_of_record
TN:
SF:/crypthome/brendan/src/kubernetes-client/javascript/node-client/src/config_types.ts
FN:12,newClusters
FN:16,clusterIterator
FN:17,(anonymous_2)
FN:49,newUsers
FN:53,userIterator
FN:54,(anonymous_5)
FN:72,findToken
FN:89,newContexts
FN:93,contextIterator
FN:94,(anonymous_9)
FNF:10
FNH:10
FNDA:8,newClusters
FNDA:8,clusterIterator
FNDA:16,(anonymous_2)
FNDA:10,newUsers
FNDA:10,userIterator
FNDA:16,(anonymous_5)
FNDA:15,findToken
FNDA:9,newContexts
FNDA:9,contextIterator
FNDA:18,(anonymous_9)
DA:1,1
DA:2,1
DA:12,1
DA:13,8
DA:17,8
DA:18,16
DA:19,1
DA:21,15
DA:22,1
DA:24,14
DA:25,1
DA:27,13
DA:49,1
DA:50,10
DA:54,10
DA:55,16
DA:56,1
DA:58,15
DA:73,15
DA:74,14
DA:75,1
DA:77,13
DA:78,1
DA:89,1
DA:90,9
DA:94,9
DA:95,18
DA:96,1
DA:98,17
DA:99,1
DA:101,16
DA:102,1
DA:104,15
DA:105,1
DA:107,14
LF:35
LH:35
BRDA:18,0,0,1
BRDA:18,0,1,15
BRDA:21,1,0,1
BRDA:21,1,1,14
BRDA:24,2,0,1
BRDA:24,2,1,13
BRDA:55,3,0,1
BRDA:55,3,1,15
BRDA:59,4,0,14
BRDA:59,4,1,1
BRDA:60,5,0,14
BRDA:60,5,1,1
BRDA:61,6,0,14
BRDA:61,6,1,1
BRDA:62,7,0,14
BRDA:62,7,1,1
BRDA:63,8,0,14
BRDA:63,8,1,1
BRDA:66,9,0,14
BRDA:66,9,1,1
BRDA:67,10,0,14
BRDA:67,10,1,1
BRDA:73,11,0,14
BRDA:73,11,1,1
BRDA:74,12,0,1
BRDA:74,12,1,13
BRDA:77,13,0,1
BRDA:77,13,1,12
BRDA:95,14,0,1
BRDA:95,14,1,17
BRDA:98,15,0,1
BRDA:98,15,1,16
BRDA:101,16,0,1
BRDA:101,16,1,15
BRDA:104,17,0,1
BRDA:104,17,1,14
BRF:36
BRH:36
end_of_record
TN:
SF:/crypthome/brendan/src/kubernetes-client/javascript/node-client/src/exec.ts
FN:11,(anonymous_0)
FN:20,(anonymous_1)
FN:33,(anonymous_3)
FNF:3
FNH:3
FNDA:2,(anonymous_0)
FNDA:6,(anonymous_1)
FNDA:2,(anonymous_3)
DA:1,1
DA:6,1
DA:8,1
DA:12,2
DA:13,2
DA:15,0
DA:23,6
DA:31,6
DA:32,6
DA:33,6
DA:34,2
DA:35,2
DA:37,6
DA:38,5
DA:40,6
LF:15
LH:14
BRDA:12,0,0,2
BRDA:12,0,1,0
BRDA:37,1,0,5
BRDA:37,1,1,1
BRF:4
BRH:3
end_of_record
TN:
SF:/crypthome/brendan/src/kubernetes-client/javascript/node-client/src/index.ts
FNF:0
FNH:0
LF:0
LH:0
BRF:0
BRH:0
end_of_record
TN:
SF:/crypthome/brendan/src/kubernetes-client/javascript/node-client/src/portforward.ts
FN:13,(anonymous_0)
FN:23,(anonymous_1)
FN:37,(anonymous_3)
FN:42,(anonymous_4)
FNF:4
FNH:4
FNDA:2,(anonymous_0)
FNDA:2,(anonymous_1)
FNDA:2,(anonymous_3)
FNDA:5,(anonymous_4)
DA:1,1
DA:6,1
DA:8,1
DA:14,2
DA:15,0
DA:17,2
DA:19,2
DA:26,2
DA:27,0
DA:29,2
DA:30,0
DA:32,2
DA:35,2
DA:36,2
DA:37,2
DA:38,2
DA:39,2
DA:41,2
DA:42,2
DA:43,5
DA:44,1
DA:45,1
DA:49,4
DA:50,2
DA:51,2
DA:53,4
DA:54,2
DA:55,2
DA:58,2
DA:60,4
DA:62,2
DA:63,2
LF:32
LH:29
BRDA:14,0,0,0
BRDA:14,0,1,2
BRDA:26,1,0,0
BRDA:26,1,1,2
BRDA:29,2,0,0
BRDA:29,2,1,2
BRDA:43,3,0,1
BRDA:43,3,1,4
BRDA:44,4,0,1
BRDA:44,4,1,0
BRDA:49,5,0,2
BRDA:49,5,1,2
BRDA:53,6,0,2
BRDA:53,6,1,2
BRDA:54,7,0,2
BRDA:54,7,1,0
BRF:16
BRH:11
end_of_record
TN:
SF:/crypthome/brendan/src/kubernetes-client/javascript/node-client/src/web-socket-handler.ts
FN:73,(anonymous_0)
FN:27,(anonymous_1)
FN:51,(anonymous_2)
FN:53,(anonymous_3)
FN:64,(anonymous_4)
FN:85,(anonymous_5)
FN:101,(anonymous_6)
FN:102,(anonymous_7)
FN:103,(anonymous_8)
FN:122,(anonymous_9)
FNF:10
FNH:4
FNDA:0,(anonymous_0)
FNDA:6,(anonymous_1)
FNDA:9,(anonymous_2)
FNDA:2,(anonymous_3)
FNDA:2,(anonymous_4)
FNDA:0,(anonymous_5)
FNDA:0,(anonymous_6)
FNDA:0,(anonymous_7)
FNDA:0,(anonymous_8)
FNDA:0,(anonymous_9)
DA:3,1
DA:8,1
DA:21,1
DA:22,1
DA:23,1
DA:24,1
DA:25,1
DA:29,6
DA:30,0
DA:32,6
DA:33,3
DA:34,3
DA:35,3
DA:36,0
DA:38,0
DA:39,0
DA:41,0
DA:42,0
DA:44,0
DA:46,0
DA:48,6
DA:53,9
DA:54,2
DA:55,2
DA:56,2
DA:57,2
DA:59,0
DA:61,2
DA:64,9
DA:65,2
DA:68,9
DA:74,0
DA:89,0
DA:90,0
DA:91,0
DA:92,0
DA:93,0
DA:95,0
DA:97,0
DA:99,0
DA:101,0
DA:102,0
DA:103,0
DA:104,0
DA:105,0
DA:106,0
DA:107,0
DA:110,0
DA:111,0
DA:112,0
DA:113,0
DA:114,0
DA:119,0
DA:122,0
DA:123,0
DA:125,0
LF:56
LH:22
BRDA:29,0,0,0
BRDA:29,0,1,6
BRDA:32,1,0,3
BRDA:32,1,1,3
BRDA:34,2,0,3
BRDA:34,2,1,0
BRDA:36,3,0,0
BRDA:36,3,1,0
BRDA:38,4,0,0
BRDA:38,4,1,0
BRDA:41,5,0,0
BRDA:41,5,1,0
BRDA:52,6,0,7
BRDA:56,7,0,2
BRDA:56,7,1,0
BRDA:91,8,0,0
BRDA:91,8,1,0
BRDA:92,9,0,0
BRDA:92,9,1,0
BRDA:104,10,0,0
BRDA:104,10,1,0
BRDA:104,11,0,0
BRDA:104,11,1,0
BRDA:105,12,0,0
BRDA:105,12,1,0
BRDA:106,13,0,0
BRDA:106,13,1,0
BRDA:110,14,0,0
BRDA:110,14,1,0
BRDA:110,15,0,0
BRDA:110,15,1,0
BRDA:111,16,0,0
BRDA:111,16,1,0
BRDA:113,17,0,0
BRDA:113,17,1,0
BRF:35
BRH:6
end_of_record
